2015-05-20 20:39:49.986+0000 INFO  [API] Setting startup timeout to: 120000ms based on -1
2015-05-20 20:39:52.165+0000 INFO  [API] Successfully started database
2015-05-20 20:39:52.423+0000 INFO  [API] Starting HTTP on port :7000 with 40 threads available
2015-05-20 20:39:52.810+0000 INFO  [API] Mounted discovery module at [/]
2015-05-20 20:39:52.824+0000 INFO  [API] Mounted REST API at [/db/data/]
2015-05-20 20:39:52.828+0000 INFO  [API] Mounted management API at [/db/manage/]
2015-05-20 20:39:52.828+0000 INFO  [API] Mounted webadmin at [/webadmin]
2015-05-20 20:39:52.830+0000 INFO  [API] Mounted Neo4j Browser at [/browser]
2015-05-20 20:39:52.922+0000 INFO  [API] Mounting static content at [/webadmin] from [webadmin-html]
2015-05-20 20:39:52.995+0000 INFO  [API] Mounting static content at [/browser] from [browser]
16:39:52.997 [main] WARN  o.e.j.server.handler.ContextHandler - o.e.j.s.ServletContextHandler@57d3e40f{/,null,null} contextPath ends with /
16:39:52.997 [main] WARN  o.e.j.server.handler.ContextHandler - Empty contextPath
16:39:53.001 [main] INFO  org.eclipse.jetty.server.Server - jetty-9.0.5.v20130815
16:39:53.035 [main] INFO  o.e.j.server.handler.ContextHandler - Started o.e.j.s.h.MovedContextHandler@7fc57b88{/,null,AVAILABLE}
16:39:53.156 [main] INFO  o.e.j.w.StandardDescriptorProcessor - NO JSP Support for /webadmin, did not find org.apache.jasper.servlet.JspServlet
16:39:53.185 [main] INFO  o.e.j.server.handler.ContextHandler - Started o.e.j.w.WebAppContext@38ce3b00{/webadmin,jar:file:/Users/joshuamaffuccio/Dropbox/Ruby/wiki-wars/db/neo4j/development/system/lib/neo4j-server-2.1.6-static-web.jar!/webadmin-html,AVAILABLE}
16:39:53.873 [main] INFO  o.e.j.server.handler.ContextHandler - Started o.e.j.s.ServletContextHandler@52c15d02{/db/manage,null,AVAILABLE}
16:39:54.197 [main] INFO  o.e.j.server.handler.ContextHandler - Started o.e.j.s.ServletContextHandler@f5f0f82{/db/data,null,AVAILABLE}
16:39:54.215 [main] INFO  o.e.j.w.StandardDescriptorProcessor - NO JSP Support for /browser, did not find org.apache.jasper.servlet.JspServlet
16:39:54.218 [main] INFO  o.e.j.server.handler.ContextHandler - Started o.e.j.w.WebAppContext@6c49743c{/browser,jar:file:/Users/joshuamaffuccio/Dropbox/Ruby/wiki-wars/db/neo4j/development/system/lib/neo4j-browser-2.1.6.jar!/browser,AVAILABLE}
16:39:54.338 [main] INFO  o.e.j.server.handler.ContextHandler - Started o.e.j.s.ServletContextHandler@57d3e40f{/,null,AVAILABLE}
16:39:54.366 [main] INFO  o.e.jetty.server.ServerConnector - Started ServerConnector@4d7c5890{HTTP/1.1}{localhost:7000}
2015-05-20 20:39:54.366+0000 INFO  [API] Server started on: http://localhost:7000/
2015-05-20 20:39:54.367+0000 INFO  [API] Remote interface ready and available at [http://localhost:7000/]
